[2018-11-28 15:02:52,356] INFO  - 服务初始化中！
[2018-11-28 15:02:52,366] INFO  - 检索时间间隔：3000
[2018-11-28 15:02:52,366] INFO  - 服务接口：http://120.76.154.6:1888/api/Service.asmx
[2018-11-28 15:02:52,366] INFO  - 成功注册定时任务!
[2018-11-28 15:02:52,379] INFO  - 测试接口是否联通？
[2018-11-28 15:02:52,444] INFO  - 接口正常！
[2018-11-28 15:02:52,444] INFO  - 服务启动...
[2018-11-28 15:02:55,565] INFO  - 开始检索打印数据...
[2018-11-28 15:02:55,642] INFO  - 暂无打印数据。。。
[2018-11-28 15:02:58,367] INFO  - 开始检索打印数据...
[2018-11-28 15:02:58,385] INFO  - 暂无打印数据。。。
[2018-11-28 15:03:01,368] INFO  - 开始检索打印数据...
[2018-11-28 15:03:01,386] INFO  - 暂无打印数据。。。
[2018-11-28 15:03:04,368] INFO  - 开始检索打印数据...
[2018-11-28 15:03:04,386] INFO  - 暂无打印数据。。。
[2018-11-28 15:03:07,369] INFO  - 开始检索打印数据...
[2018-11-28 15:03:07,389] INFO  - 暂无打印数据。。。
[2018-11-28 15:03:10,370] INFO  - 开始检索打印数据...
[2018-11-28 15:03:10,388] INFO  - 暂无打印数据。。。
[2018-11-28 15:03:13,370] INFO  - 开始检索打印数据...
[2018-11-28 15:03:13,390] INFO  - 暂无打印数据。。。
[2018-11-28 15:03:16,371] INFO  - 开始检索打印数据...
[2018-11-28 15:03:16,388] INFO  - 暂无打印数据。。。
[2018-11-28 15:03:19,371] INFO  - 开始检索打印数据...
[2018-11-28 15:03:19,391] INFO  - 暂无打印数据。。。
[2018-11-28 15:03:22,372] INFO  - 开始检索打印数据...
[2018-11-28 15:03:22,396] INFO  - 暂无打印数据。。。
[2018-11-28 15:03:25,373] INFO  - 开始检索打印数据...
[2018-11-28 15:03:25,391] INFO  - 暂无打印数据。。。
[2018-11-28 15:03:28,373] INFO  - 开始检索打印数据...
[2018-11-28 15:03:28,391] INFO  - 暂无打印数据。。。
[2018-11-28 15:03:31,373] INFO  - 开始检索打印数据...
[2018-11-28 15:03:31,392] INFO  - 暂无打印数据。。。
[2018-11-28 15:03:34,374] INFO  - 开始检索打印数据...
[2018-11-28 15:03:34,393] INFO  - 暂无打印数据。。。
[2018-11-28 15:03:37,374] INFO  - 开始检索打印数据...
[2018-11-28 15:03:37,392] INFO  - 暂无打印数据。。。
[2018-11-28 15:03:40,375] INFO  - 开始检索打印数据...
[2018-11-28 15:03:40,647] INFO  - 数据获取成功，数量为1，准备打印中...
[2018-11-28 15:03:43,376] INFO  - 开始检索打印数据...
[2018-11-28 15:03:43,394] INFO  - 暂无打印数据。。。
[2018-11-28 15:03:46,376] INFO  - 开始检索打印数据...
[2018-11-28 15:03:46,394] INFO  - 暂无打印数据。。。
[2018-11-28 15:03:49,388] INFO  - 开始检索打印数据...
[2018-11-28 15:03:49,407] INFO  - 暂无打印数据。。。
[2018-11-28 15:03:52,388] INFO  - 开始检索打印数据...
[2018-11-28 15:03:52,408] INFO  - 暂无打印数据。。。
[2018-11-28 15:03:55,400] INFO  - 开始检索打印数据...
[2018-11-28 15:03:55,418] INFO  - 暂无打印数据。。。
[2018-11-28 15:03:58,401] INFO  - 开始检索打印数据...
[2018-11-28 15:03:58,419] INFO  - 暂无打印数据。。。
[2018-11-28 15:04:01,402] INFO  - 开始检索打印数据...
[2018-11-28 15:04:01,423] INFO  - 暂无打印数据。。。
[2018-11-28 15:04:04,403] INFO  - 开始检索打印数据...
[2018-11-28 15:04:04,420] INFO  - 暂无打印数据。。。
[2018-11-28 15:04:07,405] INFO  - 开始检索打印数据...
[2018-11-28 15:04:07,424] INFO  - 暂无打印数据。。。
[2018-11-28 15:04:10,419] INFO  - 开始检索打印数据...
[2018-11-28 15:04:10,440] INFO  - 暂无打印数据。。。
[2018-11-28 15:04:13,431] INFO  - 开始检索打印数据...
[2018-11-28 15:04:13,449] INFO  - 暂无打印数据。。。
[2018-11-28 15:04:16,432] INFO  - 开始检索打印数据...
[2018-11-28 15:04:16,455] INFO  - 暂无打印数据。。。
[2018-11-28 15:04:19,431] INFO  - 开始检索打印数据...
[2018-11-28 15:04:19,449] INFO  - 暂无打印数据。。。
[2018-11-28 15:04:21,458] INFO  - 服务停止...
